{"E:\\projetos\\hydrogen-storefront\\app\\entry.client.tsx": {"path":"E:\\projetos\\hydrogen-storefront\\app\\entry.client.tsx","statementMap":{"0":{"start":{"line":4,"column":0},"end":{"line":4,"column":null}}},"fnMap":{},"branchMap":{},"s":{"0":0},"f":{},"b":{}}
,"E:\\projetos\\hydrogen-storefront\\app\\entry.server.tsx": {"path":"E:\\projetos\\hydrogen-storefront\\app\\entry.server.tsx","statementMap":{"0":{"start":{"line":12,"column":15},"end":{"line":21,"column":null}},"1":{"start":{"line":18,"column":8},"end":{"line":18,"column":null}},"2":{"start":{"line":19,"column":8},"end":{"line":19,"column":null}},"3":{"start":{"line":24,"column":2},"end":{"line":26,"column":null}},"4":{"start":{"line":25,"column":4},"end":{"line":25,"column":null}},"5":{"start":{"line":28,"column":2},"end":{"line":28,"column":null}},"6":{"start":{"line":29,"column":2},"end":{"line":32,"column":null}}},"fnMap":{"0":{"name":"handleRequest","decl":{"start":{"line":6,"column":30},"end":{"line":6,"column":null}},"loc":{"start":{"line":10,"column":28},"end":{"line":33,"column":null}}},"1":{"name":"(anonymous_1)","decl":{"start":{"line":16,"column":6},"end":{"line":16,"column":14}},"loc":{"start":{"line":16,"column":19},"end":{"line":20,"column":null}}}},"branchMap":{"0":{"loc":{"start":{"line":24,"column":2},"end":{"line":26,"column":null}},"type":"if","locations":[{"start":{"line":24,"column":2},"end":{"line":26,"column":null}}]}},"s":{"0":0,"1":0,"2":0,"3":0,"4":0,"5":0,"6":0},"f":{"0":0,"1":0},"b":{"0":[0]}}
,"E:\\projetos\\hydrogen-storefront\\app\\root.tsx": {"path":"E:\\projetos\\hydrogen-storefront\\app\\root.tsx","statementMap":{"0":{"start":{"line":14,"column":36},"end":{"line":27,"column":2}},"1":{"start":{"line":15,"column":2},"end":{"line":26,"column":null}},"2":{"start":{"line":30,"column":17},"end":{"line":30,"column":null}},"3":{"start":{"line":31,"column":2},"end":{"line":31,"column":null}},"4":{"start":{"line":35,"column":15},"end":{"line":35,"column":null}},"5":{"start":{"line":37,"column":17},"end":{"line":37,"column":33}},"6":{"start":{"line":56,"column":21},"end":{"line":63,"column":1}}},"fnMap":{"0":{"name":"(anonymous_0)","decl":{"start":{"line":14,"column":36},"end":{"line":14,"column":null}},"loc":{"start":{"line":14,"column":36},"end":{"line":27,"column":2}}},"1":{"name":"loader","decl":{"start":{"line":29,"column":22},"end":{"line":29,"column":29}},"loc":{"start":{"line":29,"column":50},"end":{"line":32,"column":null}}},"2":{"name":"App","decl":{"start":{"line":34,"column":24},"end":{"line":34,"column":null}},"loc":{"start":{"line":34,"column":24},"end":{"line":54,"column":null}}}},"branchMap":{},"s":{"0":0,"1":0,"2":0,"3":0,"4":0,"5":0,"6":0},"f":{"0":0,"1":0,"2":0},"b":{}}
,"E:\\projetos\\hydrogen-storefront\\app\\routes\\_index.tsx": {"path":"E:\\projetos\\hydrogen-storefront\\app\\routes\\_index.tsx","statementMap":{"0":{"start":{"line":3,"column":13},"end":{"line":3,"column":20}},"1":{"start":{"line":1,"column":34},"end":{"line":1,"column":null}},"2":{"start":{"line":3,"column":20},"end":{"line":50,"column":null}},"3":{"start":{"line":4,"column":28},"end":{"line":4,"column":null}},"4":{"start":{"line":5,"column":28},"end":{"line":5,"column":null}},"5":{"start":{"line":7,"column":2},"end":{"line":20,"column":null}},"6":{"start":{"line":8,"column":26},"end":{"line":18,"column":null}},"7":{"start":{"line":9,"column":6},"end":{"line":17,"column":null}},"8":{"start":{"line":10,"column":25},"end":{"line":11,"column":null}},"9":{"start":{"line":13,"column":21},"end":{"line":13,"column":null}},"10":{"start":{"line":14,"column":8},"end":{"line":14,"column":null}},"11":{"start":{"line":16,"column":8},"end":{"line":16,"column":null}},"12":{"start":{"line":19,"column":4},"end":{"line":19,"column":null}},"13":{"start":{"line":22,"column":27},"end":{"line":25,"column":null}},"14":{"start":{"line":23,"column":21},"end":{"line":23,"column":null}},"15":{"start":{"line":23,"column":49},"end":{"line":23,"column":null}},"16":{"start":{"line":24,"column":4},"end":{"line":24,"column":null}},"17":{"start":{"line":34,"column":12},"end":{"line":34,"column":null}},"18":{"start":{"line":38,"column":31},"end":{"line":38,"column":null}}},"fnMap":{"0":{"name":"(anonymous_1)","decl":{"start":{"line":3,"column":20},"end":{"line":3,"column":null}},"loc":{"start":{"line":3,"column":20},"end":{"line":50,"column":null}}},"1":{"name":"(anonymous_2)","decl":{"start":{"line":7,"column":12},"end":{"line":7,"column":null}},"loc":{"start":{"line":7,"column":12},"end":{"line":20,"column":5}}},"2":{"name":"(anonymous_3)","decl":{"start":{"line":8,"column":26},"end":{"line":8,"column":null}},"loc":{"start":{"line":8,"column":26},"end":{"line":18,"column":null}}},"3":{"name":"(anonymous_4)","decl":{"start":{"line":22,"column":27},"end":{"line":22,"column":28}},"loc":{"start":{"line":22,"column":28},"end":{"line":25,"column":null}}},"4":{"name":"(anonymous_5)","decl":{"start":{"line":23,"column":34},"end":{"line":23,"column":35}},"loc":{"start":{"line":23,"column":49},"end":{"line":23,"column":null}}},"5":{"name":"(anonymous_6)","decl":{"start":{"line":33,"column":21},"end":{"line":33,"column":22}},"loc":{"start":{"line":34,"column":12},"end":{"line":34,"column":null}}},"6":{"name":"(anonymous_7)","decl":{"start":{"line":38,"column":25},"end":{"line":38,"column":31}},"loc":{"start":{"line":38,"column":31},"end":{"line":38,"column":null}}}},"branchMap":{"0":{"loc":{"start":{"line":30,"column":7},"end":{"line":30,"column":16}},"type":"binary-expr","locations":[{"start":{"line":30,"column":7},"end":{"line":30,"column":16}}]},"1":{"loc":{"start":{"line":32,"column":8},"end":{"line":46,"column":9}},"type":"cond-expr","locations":[{"start":{"line":32,"column":8},"end":{"line":46,"column":9}}]}},"s":{"0":3,"1":1,"2":1,"3":7,"4":7,"5":7,"6":3,"7":3,"8":3,"9":2,"10":2,"11":1,"12":3,"13":7,"14":1,"15":2,"16":1,"17":5,"18":1},"f":{"0":7,"1":3,"2":3,"3":1,"4":2,"5":5,"6":1},"b":{"0":[7],"1":[3]}}
}
