TN:
SF:app\entry.client.tsx
FNF:0
FNH:0
DA:4,0
LF:1
LH:0
BRF:0
BRH:0
end_of_record
TN:
SF:app\entry.server.tsx
FN:6,handleRequest
FN:16,(anonymous_1)
FNF:2
FNH:0
FNDA:0,handleRequest
FNDA:0,(anonymous_1)
DA:12,0
DA:18,0
DA:19,0
DA:24,0
DA:25,0
DA:28,0
DA:29,0
LF:7
LH:0
BRDA:24,0,0,0
BRF:1
BRH:0
end_of_record
TN:
SF:app\root.tsx
FN:14,(anonymous_0)
FN:29,loader
FN:34,App
FNF:3
FNH:0
FNDA:0,(anonymous_0)
FNDA:0,loader
FNDA:0,App
DA:14,0
DA:15,0
DA:30,0
DA:31,0
DA:35,0
DA:37,0
DA:56,0
LF:7
LH:0
BRF:0
BRH:0
end_of_record
TN:
SF:app\routes\_index.tsx
FN:3,(anonymous_1)
FN:7,(anonymous_2)
FN:8,(anonymous_3)
FN:22,(anonymous_4)
FN:23,(anonymous_5)
FN:33,(anonymous_6)
FN:38,(anonymous_7)
FNF:7
FNH:7
FNDA:7,(anonymous_1)
FNDA:3,(anonymous_2)
FNDA:3,(anonymous_3)
FNDA:1,(anonymous_4)
FNDA:2,(anonymous_5)
FNDA:5,(anonymous_6)
FNDA:1,(anonymous_7)
DA:1,1
DA:3,3
DA:4,7
DA:5,7
DA:7,7
DA:8,3
DA:9,3
DA:10,3
DA:13,2
DA:14,2
DA:16,1
DA:19,3
DA:22,7
DA:23,2
DA:24,1
DA:34,5
DA:38,1
LF:17
LH:17
BRDA:30,0,0,7
BRDA:32,1,0,3
BRF:2
BRH:2
end_of_record
